<?xml version="1.0" encoding="UTF-8"?>
<!-- Generated by org.testng.reporters.JUnitXMLReporter -->
<testsuite ignored="0" hostname="DESKTOP-K3RTBTI" failures="0" tests="2" name="Test-Runner-2" time="71.385" errors="0" timestamp="2023-07-25T20:31:46 IST">
  <testcase classname="Vtiger.OrganizationTests.CreateOrgwithIndustryusingObjectRepositoryTest" name="SampleTest" time="0.01"/>
  <testcase classname="Vtiger.OrganizationTests.CreateOrgwithIndustryusingObjectRepositoryTest" name="createorgWithIndustryTest" time="23.407"/>
</testsuite> <!-- Test-Runner-2 -->
