<?xml version="1.0" encoding="UTF-8"?>
<!-- Generated by org.testng.reporters.JUnitXMLReporter -->
<testsuite ignored="0" hostname="DESKTOP-K3RTBTI" failures="0" tests="2" name="Test-Runner-1" time="96.077" errors="0" timestamp="2023-07-25T20:32:10 IST">
  <testcase classname="Vtiger.ContactsTests.CreateContactwithOrgusingObjectRepositoryTest" name="createcontactwithorgTest" time="53.656"/>
  <testcase classname="Vtiger.ContactsTests.CreateContactwithOrgusingObjectRepositoryTest" name="demotest" time="0.004"/>
</testsuite> <!-- Test-Runner-1 -->
