<?xml version="1.0" encoding="UTF-8"?>
<!-- Generated by org.testng.reporters.JUnitXMLReporter -->
<testsuite ignored="0" hostname="DESKTOP-K3RTBTI" failures="0" tests="2" name="Test-Runner-Firefox" time="34.224" errors="0" timestamp="2023-07-25T21:12:16 IST">
  <testcase classname="Vtiger.OrganizationTests.CreateOrgwithIndustryusingObjectRepositoryTest" name="SampleTest" time="0.001">
    <skipped/>
  </testcase> <!-- SampleTest -->
  <testcase classname="Vtiger.OrganizationTests.CreateOrgwithIndustryusingObjectRepositoryTest" name="createorgWithIndustryTest" time="0.001">
    <skipped/>
  </testcase> <!-- createorgWithIndustryTest -->
</testsuite> <!-- Test-Runner-Firefox -->
