<?xml version="1.0" encoding="UTF-8"?>
<!-- Generated by org.testng.reporters.JUnitReportReporter -->
<testsuite hostname="DESKTOP-K3RTBTI" failures="0" tests="3" name="Vtiger.Practice.DataProviderPractice" time="0.035" errors="0" timestamp="2023-07-19T16:24:57 IST" skipped="0">
  <testcase classname="Vtiger.Practice.DataProviderPractice" name="addToCartTest" time="0.004"/>
  <system-out/>
  <testcase classname="Vtiger.Practice.DataProviderPractice" name="addToCartTest" time="0.006"/>
  <system-out/>
  <testcase classname="Vtiger.Practice.DataProviderPractice" name="addToCartTest" time="0.025"/>
  <system-out/>
</testsuite> <!-- Vtiger.Practice.DataProviderPractice -->
