<?xml version="1.0" encoding="UTF-8"?>
<!-- Generated by org.testng.reporters.JUnitReportReporter -->
<testsuite hostname="DESKTOP-K3RTBTI" failures="0" tests="1" name="Vtiger.Practice.ReadDataFromCmdLineTest" time="0.046" errors="0" timestamp="2023-08-01T20:33:12 IST" skipped="0">
  <testcase classname="Vtiger.Practice.ReadDataFromCmdLineTest" name="read" time="0.046"/>
  <system-out/>
</testsuite> <!-- Vtiger.Practice.ReadDataFromCmdLineTest -->
